<?xml version="1.0" encoding="utf-8"?><testsuites name="pytest tests"><testsuite name="pytest" errors="0" failures="0" skipped="0" tests="6" time="0.657" timestamp="2026-06-30T03:10:14.751257+00:00" hostname="agent-env-377d2099-8e01-41ba-869b-169f61fccb07"><testcase classname="backend.tests.test_install_codegen.TestInstallScriptSyntax" name="test_install_sh_exists" time="0.000" /><testcase classname="backend.tests.test_install_codegen.TestInstallScriptSyntax" name="test_bash_n_clean" time="0.004" /><testcase classname="backend.tests.test_install_codegen.TestApiKeysCodegen" name="test_generated_file_compiles" time="0.314" /><testcase classname="backend.tests.test_install_codegen.TestApiKeysCodegen" name="test_generated_file_has_escape_sequence_intact" time="0.000" /><testcase classname="backend.tests.test_install_codegen.TestApiKeysCodegen" name="test_sync_all_writes_only_env_files" time="0.001" /><testcase classname="backend.tests.test_install_codegen.TestBackendSmoke" name="test_api_root_200" time="0.272" /></testsuite></testsuites>