<?xml version="1.0" encoding="utf-8"?><testsuites name="pytest tests"><testsuite name="pytest" errors="0" failures="3" skipped="0" tests="9" time="0.943" timestamp="2026-06-29T02:04:18.783905+00:00" hostname="agent-env-377d2099-8e01-41ba-869b-169f61fccb07"><testcase classname="backend.tests.test_tycoon_backend" name="test_root" time="0.278" /><testcase classname="backend.tests.test_tycoon_backend" name="test_email_register_or_login" time="0.053"><failure message="AssertionError: 422 {&quot;detail&quot;:[{&quot;type&quot;:&quot;value_error&quot;,&quot;loc&quot;:[&quot;body&quot;,&quot;email&quot;],&quot;msg&quot;:&quot;value is not a valid email address: The part after the @-sign is a special-use or reserved name that cannot be used with email.&quot;,&quot;input&quot;:&quot;tester@tycoon.test&quot;,&quot;ctx&quot;:{&quot;reason&quot;:&quot;The part after the @-sign is a special-use or reserved name that cannot be used with email.&quot;}}]}&#10;assert 422 == 200&#10; +  where 422 = &lt;Response [422]&gt;.status_code">backend/tests/test_tycoon_backend.py:61: in test_email_register_or_login
    assert r.status_code == 200, f"{r.status_code} {r.text}"
E   AssertionError: 422 {"detail":[{"type":"value_error","loc":["body","email"],"msg":"value is not a valid email address: The part after the @-sign is a special-use or reserved name that cannot be used with email.","input":"tester@tycoon.test","ctx":{"reason":"The part after the @-sign is a special-use or reserved name that cannot be used with email."}}]}
E   assert 422 == 200
E    +  where 422 = &lt;Response [422]&gt;.status_code</failure></testcase><testcase classname="backend.tests.test_tycoon_backend" name="test_email_login_explicit" time="0.045"><failure message="AssertionError: {&quot;detail&quot;:[{&quot;type&quot;:&quot;value_error&quot;,&quot;loc&quot;:[&quot;body&quot;,&quot;email&quot;],&quot;msg&quot;:&quot;value is not a valid email address: The part after the @-sign is a special-use or reserved name that cannot be used with email.&quot;,&quot;input&quot;:&quot;tester@tycoon.test&quot;,&quot;ctx&quot;:{&quot;reason&quot;:&quot;The part after the @-sign is a special-use or reserved name that cannot be used with email.&quot;}}]}&#10;assert 422 == 200&#10; +  where 422 = &lt;Response [422]&gt;.status_code">backend/tests/test_tycoon_backend.py:74: in test_email_login_explicit
    assert r.status_code == 200, r.text
E   AssertionError: {"detail":[{"type":"value_error","loc":["body","email"],"msg":"value is not a valid email address: The part after the @-sign is a special-use or reserved name that cannot be used with email.","input":"tester@tycoon.test","ctx":{"reason":"The part after the @-sign is a special-use or reserved name that cannot be used with email."}}]}
E   assert 422 == 200
E    +  where 422 = &lt;Response [422]&gt;.status_code</failure></testcase><testcase classname="backend.tests.test_tycoon_backend" name="test_email_login_wrong_password" time="0.052"><failure message="assert 422 == 401&#10; +  where 422 = &lt;Response [422]&gt;.status_code">backend/tests/test_tycoon_backend.py:83: in test_email_login_wrong_password
    assert r.status_code == 401
E   assert 422 == 401
E    +  where 422 = &lt;Response [422]&gt;.status_code</failure></testcase><testcase classname="backend.tests.test_tycoon_backend" name="test_google_session_disabled" time="0.045" /><testcase classname="backend.tests.test_tycoon_backend" name="test_google_session_does_not_call_emergent" time="0.058" /><testcase classname="backend.tests.test_tycoon_backend" name="test_player_sync_and_persist" time="0.098" /><testcase classname="backend.tests.test_tycoon_backend" name="test_store_catalog" time="0.053" /><testcase classname="backend.tests.test_tycoon_backend" name="test_leaderboard" time="0.051" /></testsuite></testsuites>