<?xml version="1.0" encoding="utf-8"?><testsuites name="pytest tests"><testsuite name="pytest" errors="0" failures="0" skipped="0" tests="5" time="1.327" timestamp="2026-06-29T05:49:46.651872+00:00" hostname="agent-env-377d2099-8e01-41ba-869b-169f61fccb07"><testcase classname="backend.tests.test_auth_google_restore" name="test_root_health" time="0.257" /><testcase classname="backend.tests.test_auth_google_restore" name="test_auth_session_not_unconfigured" time="0.153" /><testcase classname="backend.tests.test_auth_google_restore" name="test_email_register" time="0.279" /><testcase classname="backend.tests.test_auth_google_restore" name="test_email_login" time="0.265" /><testcase classname="backend.tests.test_auth_google_restore" name="test_email_login_wrong_password" time="0.265" /></testsuite></testsuites>